Using pre-set license
Built from '2020.3/staging' branch; Version is '2020.3.25f1 (9b9180224418) revision 10195328'; Using compiler version '192528614'; Build Type 'Release'
OS: 'Windows 10  (10.0.19041) 64bit Professional' Language: 'en' Physical Memory: 8117 MB
BatchMode: 1, IsHumanControllingUs: 0, StartBugReporterOnCrash: 0, Is64bit: 1, IsPro: 0

COMMAND LINE ARGUMENTS:
C:\Program Files\Unity\Hub\Editor\2020.3.25f1\Editor\Unity.exe
-adb2
-batchMode
-noUpm
-name
AssetImportWorker0
-projectPath
C:/Users/pmigl/OneDrive/Documents/GitHub/CSE528Final/528_Final_Project
-logFile
Logs/AssetImportWorker0.log
-srvPort
59066
Successfully changed project path to: C:/Users/pmigl/OneDrive/Documents/GitHub/CSE528Final/528_Final_Project
C:/Users/pmigl/OneDrive/Documents/GitHub/CSE528Final/528_Final_Project
Using Asset Import Pipeline V2.
Refreshing native plugins compatible for Editor in 332.71 ms, found 0 plugins.
Preloading 0 native plugins for Editor in 0.00 ms.
Initialize engine version: 2020.3.25f1 (9b9180224418)
[Subsystems] Discovering subsystems at path C:/Program Files/Unity/Hub/Editor/2020.3.25f1/Editor/Data/Resources/UnitySubsystems
[Subsystems] Discovering subsystems at path C:/Users/pmigl/OneDrive/Documents/GitHub/CSE528Final/528_Final_Project/Assets
GfxDevice: creating device client; threaded=0
Direct3D:
    Version:  Direct3D 11.0 [level 11.1]
    Renderer: Intel(R) HD Graphics 520 (ID=0x1916)
    Vendor:   
    VRAM:     4058 MB
    Driver:   24.20.100.6299
Initialize mono
Mono path[0] = 'C:/Program Files/Unity/Hub/Editor/2020.3.25f1/Editor/Data/Managed'
Mono path[1] = 'C:/Program Files/Unity/Hub/Editor/2020.3.25f1/Editor/Data/MonoBleedingEdge/lib/mono/unityjit'
Mono config path = 'C:/Program Files/Unity/Hub/Editor/2020.3.25f1/Editor/Data/MonoBleedingEdge/etc'
Using monoOptions --debugger-agent=transport=dt_socket,embedding=1,server=y,suspend=n,address=127.0.0.1:56284
Begin MonoManager ReloadAssembly
Registering precompiled unity dll's ...
Register platform support module: C:/Program Files/Unity/Hub/Editor/2020.3.25f1/Editor/Data/PlaybackEngines/WebGLSupport/UnityEditor.WebGL.Extensions.dll
Register platform support module: C:/Program Files/Unity/Hub/Editor/2020.3.25f1/Editor/Data/PlaybackEngines/WindowsStandaloneSupport/UnityEditor.WindowsStandalone.Extensions.dll
Registered in 0.003867 seconds.
Native extension for WindowsStandalone target not found
Native extension for WebGL target not found
Refreshing native plugins compatible for Editor in 72.17 ms, found 0 plugins.
Preloading 0 native plugins for Editor in 0.00 ms.
Mono: successfully reloaded assembly
- Completed reload, in  1.354 seconds
Domain Reload Profiling:
	ReloadAssembly (1354ms)
		BeginReloadAssembly (166ms)
			ExecutionOrderSort (0ms)
			DisableScriptedObjects (0ms)
			BackupInstance (0ms)
			ReleaseScriptingObjects (0ms)
			CreateAndSetChildDomain (3ms)
		EndReloadAssembly (1041ms)
			LoadAssemblies (158ms)
			RebuildTransferFunctionScriptingTraits (0ms)
			SetupTypeCache (426ms)
			ReleaseScriptCaches (0ms)
			RebuildScriptCaches (46ms)
			SetupLoadedEditorAssemblies (326ms)
				LogAssemblyErrors (0ms)
				InitializePlatformSupportModulesInManaged (8ms)
				SetLoadedEditorAssemblies (1ms)
				RefreshPlugins (72ms)
				BeforeProcessingInitializeOnLoad (15ms)
				ProcessInitializeOnLoadAttributes (146ms)
				ProcessInitializeOnLoadMethodAttributes (83ms)
				AfterProcessingInitializeOnLoad (0ms)
				EditorAssembliesLoaded (1ms)
			ExecutionOrderSort2 (0ms)
			AwakeInstancesAfterBackupRestoration (0ms)
Platform modules already initialized, skipping
Registering precompiled user dll's ...
Registered in 0.016172 seconds.
Begin MonoManager ReloadAssembly
Error: Could not load signature of Packages.Rider.Editor.UnitTesting.SyncTestRunCallback:RunStarted due to: Could not load file or assembly 'nunit.framework, Version=3.5.0.0, Culture=neutral, PublicKeyToken=2638cd05610744eb' or one of its dependencies. assembly:nunit.framework, Version=3.5.0.0, Culture=neutral, PublicKeyToken=2638cd05610744eb type:<unknown type> member:(null) signature:<none>
Error: Could not load signature of Codice.CheckWorkspaceTreeNodeStatus:IsPrivate due to: Could not load file or assembly 'unityplastic, Version=10.0.16.6224, Culture=neutral, PublicKeyToken=a107c9c6e34c8876' or one of its dependencies. assembly:unityplastic, Version=10.0.16.6224, Culture=neutral, PublicKeyToken=a107c9c6e34c8876 type:<unknown type> member:(null) signature:<none>
Error: Could not load signature of UnityEngine.TestRunner.ITestRunCallback:RunStarted due to: Could not load file or assembly 'nunit.framework, Version=3.5.0.0, Culture=neutral, PublicKeyToken=2638cd05610744eb' or one of its dependencies. assembly:nunit.framework, Version=3.5.0.0, Culture=neutral, PublicKeyToken=2638cd05610744eb type:<unknown type> member:(null) signature:<none>
Unloading broken assembly Library/ScriptAssemblies/Unity.Rider.Editor.dll, this assembly can cause crashes in the runtime
Unloading broken assembly Library/ScriptAssemblies/Unity.PlasticSCM.Editor.dll, this assembly can cause crashes in the runtime
Unloading broken assembly Library/ScriptAssemblies/UnityEditor.TestRunner.dll, this assembly can cause crashes in the runtime
Unloading broken assembly Library/ScriptAssemblies/UnityEngine.TestRunner.dll, this assembly can cause crashes in the runtime
Native extension for WindowsStandalone target not found
Native extension for WebGL target not found
Refreshing native plugins compatible for Editor in 74.03 ms, found 0 plugins.
Preloading 0 native plugins for Editor in 0.00 ms.
System.TypeLoadException: Could not find method due to a type load error
  at CollabProxy.UI.Bootstrap..cctor () [0x00000] in C:\Users\pmigl\Desktop\CSE 528\Projects\528_Final_Project\Library\PackageCache\com.unity.collab-proxy@1.15.4\Editor\Collaborate\UserInterface\Bootstrap.cs:14 
UnityEngine.StackTraceUtility:ExtractStackTrace ()
UnityEngine.DebugLogHandler:LogFormat (UnityEngine.LogType,UnityEngine.Object,string,object[])
UnityEngine.Logger:Log (UnityEngine.LogType,object)
UnityEngine.Debug:LogError (object)
UnityEditor.EditorAssemblies:ProcessInitializeOnLoadAttributes (System.Type[])

TypeLoadException: Could not load array element type, due to: Could not load type of field 'Packages.Rider.Editor.UnitTesting.TestEvent:testStatus' (4) due to: Could not load file or assembly 'nunit.framework, Version=3.5.0.0, Culture=neutral, PublicKeyToken=2638cd05610744eb' or one of its dependencies. assembly:nunit.framework, Version=3.5.0.0, Culture=neutral, PublicKeyToken=2638cd05610744eb type:<unknown type> member:(null) signature:<none> assembly:C:\Users\pmigl\OneDrive\Documents\GitHub\CSE528Final\528_Final_Project\Library\ScriptAssemblies\Unity.Rider.Editor.dll type:TestEvent member:(null) signature:<none>
  at System.Collections.Generic.List`1[T]..cctor () [0x00000] in <695d1cc93cca45069c528c15c9fdd749>:0 
Rethrow as TypeInitializationException: The type initializer for 'System.Collections.Generic.List`1' threw an exception.
  at Packages.Rider.Editor.UnitTesting.CallbackData..ctor () [0x00000] in C:\Users\pmigl\Desktop\CSE 528\Projects\528_Final_Project\Library\PackageCache\com.unity.ide.rider@2.0.7\Rider\Editor\UnitTesting\CallbackData.cs:23 
UnityEngine.ScriptableObject:CreateScriptableObjectInstanceFromType(Type, Boolean)
UnityEngine.ScriptableObject:CreateInstance(Type)
UnityEngine.ScriptableObject:CreateInstance()
UnityEditor.ScriptableSingleton`1:CreateAndLoad()
UnityEditor.ScriptableSingleton`1:get_instance()
Packages.Rider.Editor.UnitTesting.CallbackInitializer:.cctor() (at C:\Users\pmigl\Desktop\CSE 528\Projects\528_Final_Project\Library\PackageCache\com.unity.ide.rider@2.0.7\Rider\Editor\UnitTesting\CallbackInitializer.cs:13)
System.Runtime.CompilerServices.RuntimeHelpers:RunClassConstructor(IntPtr)
System.Runtime.CompilerServices.RuntimeHelpers:RunClassConstructor(RuntimeTypeHandle)
UnityEditor.EditorAssemblies:ProcessInitializeOnLoadAttributes(Type[])

(Filename: C:/Users/pmigl/Desktop/CSE 528/Projects/528_Final_Project/Library/PackageCache/com.unity.ide.rider@2.0.7/Rider/Editor/UnitTesting/CallbackData.cs Line: 23)

System.NullReferenceException: Object reference not set to an instance of an object
  at Packages.Rider.Editor.UnitTesting.CallbackInitializer..cctor () [0x00000] in C:\Users\pmigl\Desktop\CSE 528\Projects\528_Final_Project\Library\PackageCache\com.unity.ide.rider@2.0.7\Rider\Editor\UnitTesting\CallbackInitializer.cs:13 
UnityEngine.StackTraceUtility:ExtractStackTrace ()
UnityEngine.DebugLogHandler:LogFormat (UnityEngine.LogType,UnityEngine.Object,string,object[])
UnityEngine.Logger:Log (UnityEngine.LogType,object)
UnityEngine.Debug:LogError (object)
UnityEditor.EditorAssemblies:ProcessInitializeOnLoadAttributes (System.Type[])

Mono: successfully reloaded assembly
- Completed reload, in  3.144 seconds
Domain Reload Profiling:
	ReloadAssembly (3145ms)
		BeginReloadAssembly (505ms)
			ExecutionOrderSort (0ms)
			DisableScriptedObjects (14ms)
			BackupInstance (0ms)
			ReleaseScriptingObjects (0ms)
			CreateAndSetChildDomain (60ms)
		EndReloadAssembly (2534ms)
			LoadAssemblies (207ms)
			RebuildTransferFunctionScriptingTraits (0ms)
			SetupTypeCache (546ms)
			ReleaseScriptCaches (0ms)
			RebuildScriptCaches (42ms)
			SetupLoadedEditorAssemblies (1497ms)
				LogAssemblyErrors (0ms)
				InitializePlatformSupportModulesInManaged (8ms)
				SetLoadedEditorAssemblies (0ms)
				RefreshPlugins (74ms)
				BeforeProcessingInitializeOnLoad (644ms)
				ProcessInitializeOnLoadAttributes (717ms)
				ProcessInitializeOnLoadMethodAttributes (30ms)
				AfterProcessingInitializeOnLoad (23ms)
				EditorAssembliesLoaded (0ms)
			ExecutionOrderSort2 (0ms)
			AwakeInstancesAfterBackupRestoration (12ms)
Platform modules already initialized, skipping
========================================================================
Worker process is ready to serve import requests
Launched and connected shader compiler UnityShaderCompiler.exe after 0.12 seconds
Refreshing native plugins compatible for Editor in 1.37 ms, found 0 plugins.
Preloading 0 native plugins for Editor in 0.00 ms.
Unloading 6 Unused Serialized files (Serialized files now loaded: 0)
System memory in use before: 28.8 MB.
System memory in use after: 28.7 MB.

Unloading 2 unused Assets to reduce memory usage. Loaded Objects now: 450.
Total: 5.369600 ms (FindLiveObjects: 0.038600 ms CreateObjectMapping: 0.003400 ms MarkObjects: 5.195200 ms  DeleteObjects: 0.130700 ms)

AssetImportParameters requested are different than current active one (requested -> active):
  custom:framework-win-MediaFoundation: 216162199b28c13a410421893ffa2e32 -> 
  custom:video-decoder-ogg-theora: a1e56fd34408186e4bbccfd4996cb3dc -> 
  custom:container-muxer-webm: aa71ff27fc2769a1b78a27578f13a17b -> 
  custom:container-demuxer-webm: 4f35f7cbe854078d1ac9338744f61a02 -> 
  custom:container-demuxer-ogg: 62fdf1f143b41e24485cea50d1cbac27 -> 
  custom:video-encoder-webm-vp8: eb34c28f22e8b96e1ab97ce403110664 -> 
  custom:video-codec-MediaFoundation-h265: 746d11721c4dcdbdad8f713fa42b33f4 -> 
  custom:video-decoder-webm-vp8: 9c59270c3fd7afecdb556c50c9e8de78 -> 
  custom:audio-decoder-ogg-vorbis: bf7c407c2cedff20999df2af8eb42d56 -> 
  custom:audio-encoder-webm-vorbis: bf7c407c2cedff20999df2af8eb42d56 -> 
========================================================================
Received Import Request.
  path: Assets/Character/Animations/Sprites/Mhum_idle_Body_White.png
  artifactKey: Guid(9b4630ff1e0ab224aab25845671fabed) Importer(815301076,1909f56bfc062723c751e8b465ee728b)
Start importing Assets/Character/Animations/Sprites/Mhum_idle_Body_White.png using Guid(9b4630ff1e0ab224aab25845671fabed) Importer(815301076,1909f56bfc062723c751e8b465ee728b)  -> (artifact id: '2a12fe0f903d1c512f5cd34cb13d9cce') in 0.374750 seconds 
  Import took 0.376396 seconds .

========================================================================
Received Prepare
Refreshing native plugins compatible for Editor in 1.48 ms, found 0 plugins.
Preloading 0 native plugins for Editor in 0.00 ms.
Unloading 0 Unused Serialized files (Serialized files now loaded: 0)
System memory in use before: 31.5 MB.
System memory in use after: 31.5 MB.

Unloading 0 unused Assets to reduce memory usage. Loaded Objects now: 456.
Total: 4.250100 ms (FindLiveObjects: 0.036600 ms CreateObjectMapping: 0.003600 ms MarkObjects: 4.199500 ms  DeleteObjects: 0.009200 ms)

AssetImportParameters requested are different than current active one (requested -> active):
  custom:framework-win-MediaFoundation: 216162199b28c13a410421893ffa2e32 -> 
  custom:video-decoder-ogg-theora: a1e56fd34408186e4bbccfd4996cb3dc -> 
  custom:container-muxer-webm: aa71ff27fc2769a1b78a27578f13a17b -> 
  custom:container-demuxer-webm: 4f35f7cbe854078d1ac9338744f61a02 -> 
  custom:container-demuxer-ogg: 62fdf1f143b41e24485cea50d1cbac27 -> 
  custom:video-encoder-webm-vp8: eb34c28f22e8b96e1ab97ce403110664 -> 
  custom:video-codec-MediaFoundation-h265: 746d11721c4dcdbdad8f713fa42b33f4 -> 
  custom:video-decoder-webm-vp8: 9c59270c3fd7afecdb556c50c9e8de78 -> 
  custom:audio-decoder-ogg-vorbis: bf7c407c2cedff20999df2af8eb42d56 -> 
  custom:audio-encoder-webm-vorbis: bf7c407c2cedff20999df2af8eb42d56 -> 
========================================================================
Received Import Request.
  Time since last request: 292.173833 seconds.
  path: Assets/Scripts/Items
  artifactKey: Guid(b06460c05b7dd4b4ba6d7c774597abad) Importer(815301076,1909f56bfc062723c751e8b465ee728b)
Start importing Assets/Scripts/Items using Guid(b06460c05b7dd4b4ba6d7c774597abad) Importer(815301076,1909f56bfc062723c751e8b465ee728b)  -> (artifact id: '70c72fda31c6b328775090c3c3ade80d') in 0.033925 seconds 
  Import took 0.035731 seconds .

========================================================================
Received Import Request.
  Time since last request: 2.223523 seconds.
  path: Assets/Scripts/PlayerCharacter
  artifactKey: Guid(0ac0b6c8758a34141bd2fba58f5059cd) Importer(815301076,1909f56bfc062723c751e8b465ee728b)
Start importing Assets/Scripts/PlayerCharacter using Guid(0ac0b6c8758a34141bd2fba58f5059cd) Importer(815301076,1909f56bfc062723c751e8b465ee728b)  -> (artifact id: '7c76fd48152f637640661a9c8c1dda61') in 0.039148 seconds 
  Import took 0.040727 seconds .

========================================================================
Received Import Request.
  Time since last request: 1.238944 seconds.
  path: Assets/Scripts/PlayerCharacter/Health.cs
  artifactKey: Guid(113ed5912f73a4c49b83acc8e508ce19) Importer(815301076,1909f56bfc062723c751e8b465ee728b)
Start importing Assets/Scripts/PlayerCharacter/Health.cs using Guid(113ed5912f73a4c49b83acc8e508ce19) Importer(815301076,1909f56bfc062723c751e8b465ee728b)  -> (artifact id: '5a7a29844aece63495e0f31ca6053b55') in 0.037734 seconds 
  Import took 0.039208 seconds .

========================================================================
Received Import Request.
  Time since last request: 0.381794 seconds.
  path: Assets/Scripts/PlayerCharacter/PlayerSpawn.cs
  artifactKey: Guid(385a131cf69e4e145955b24bf433c19d) Importer(815301076,1909f56bfc062723c751e8b465ee728b)
Start importing Assets/Scripts/PlayerCharacter/PlayerSpawn.cs using Guid(385a131cf69e4e145955b24bf433c19d) Importer(815301076,1909f56bfc062723c751e8b465ee728b)  -> (artifact id: '5695123533b30cf62a74e950715eb388') in 0.036424 seconds 
  Import took 0.038336 seconds .

========================================================================
Received Import Request.
  Time since last request: 0.391396 seconds.
  path: Assets/Scripts/PlayerCharacter/PlayerController.cs
  artifactKey: Guid(adafc63372b89134ab3e4a5a8e300cd6) Importer(815301076,1909f56bfc062723c751e8b465ee728b)
Start importing Assets/Scripts/PlayerCharacter/PlayerController.cs using Guid(adafc63372b89134ab3e4a5a8e300cd6) Importer(815301076,1909f56bfc062723c751e8b465ee728b)  -> (artifact id: 'de1a4b23fb4023edc5e77c03471e2d90') in 0.047625 seconds 
  Import took 0.050596 seconds .

========================================================================
Received Import Request.
  Time since last request: 226.173342 seconds.
  path: Assets/Scenes/SampleScene.unity
  artifactKey: Guid(2cda990e2423bbf4892e6590ba056729) Importer(815301076,1909f56bfc062723c751e8b465ee728b)
Start importing Assets/Scenes/SampleScene.unity using Guid(2cda990e2423bbf4892e6590ba056729) Importer(815301076,1909f56bfc062723c751e8b465ee728b)  -> (artifact id: 'aa27944bdea339c97c39027c7eea529c') in 0.022933 seconds 
  Import took 0.023981 seconds .

========================================================================
Received Import Request.
  Time since last request: 1.594266 seconds.
  path: Assets/Scenes
  artifactKey: Guid(d1a8bb38f9ac5a647be8dc1a8a976c9d) Importer(815301076,1909f56bfc062723c751e8b465ee728b)
Start importing Assets/Scenes using Guid(d1a8bb38f9ac5a647be8dc1a8a976c9d) Importer(815301076,1909f56bfc062723c751e8b465ee728b)  -> (artifact id: '3920890ee61f4ce2bed22f8219bee76f') in 0.032847 seconds 
  Import took 0.034255 seconds .

========================================================================
Received Import Request.
  Time since last request: 20.553500 seconds.
  path: Assets/Scenes/BattleScene.unity
  artifactKey: Guid(934a8ceabf1a62545870d8ef102c9aed) Importer(815301076,1909f56bfc062723c751e8b465ee728b)
Start importing Assets/Scenes/BattleScene.unity using Guid(934a8ceabf1a62545870d8ef102c9aed) Importer(815301076,1909f56bfc062723c751e8b465ee728b)  -> (artifact id: 'dc1ba38f000841aafbf50219bcf99383') in 0.020632 seconds 
  Import took 0.022053 seconds .

========================================================================
Received Import Request.
  Time since last request: 10.996520 seconds.
  path: Assets/Scenes/PlatformerScene.unity
  artifactKey: Guid(2cda990e2423bbf4892e6590ba056729) Importer(815301076,1909f56bfc062723c751e8b465ee728b)
Start importing Assets/Scenes/PlatformerScene.unity using Guid(2cda990e2423bbf4892e6590ba056729) Importer(815301076,1909f56bfc062723c751e8b465ee728b)  -> (artifact id: 'cfa320d774bee4a56b0be1dbb514edff') in 0.015968 seconds 
  Import took 0.017388 seconds .

========================================================================
Received Import Request.
  Time since last request: 46674.453621 seconds.
  path: Assets/Scenes/TitleScene.unity
  artifactKey: Guid(16ab94499624a55409b1a11909a1325e) Importer(815301076,1909f56bfc062723c751e8b465ee728b)
Start importing Assets/Scenes/TitleScene.unity using Guid(16ab94499624a55409b1a11909a1325e) Importer(815301076,1909f56bfc062723c751e8b465ee728b)  -> (artifact id: 'e3a1557100d68a3b0af5b5dffa47779a') in 0.027442 seconds 
  Import took 0.029715 seconds .

========================================================================
Received Import Request.
  Time since last request: 14.453179 seconds.
  path: Assets/Scenes/MainMenuScene.unity
  artifactKey: Guid(a0558045e74db384d846fdbebc2b4b7e) Importer(815301076,1909f56bfc062723c751e8b465ee728b)
Start importing Assets/Scenes/MainMenuScene.unity using Guid(a0558045e74db384d846fdbebc2b4b7e) Importer(815301076,1909f56bfc062723c751e8b465ee728b)  -> (artifact id: '3934d305abc746f542cec254e4c0594d') in 0.017692 seconds 
  Import took 0.019281 seconds .

========================================================================
Received Import Request.
  Time since last request: 8.893427 seconds.
  path: Assets/Scenes/OverworldScene.unity
  artifactKey: Guid(2cda990e2423bbf4892e6590ba056729) Importer(815301076,1909f56bfc062723c751e8b465ee728b)
Start importing Assets/Scenes/OverworldScene.unity using Guid(2cda990e2423bbf4892e6590ba056729) Importer(815301076,1909f56bfc062723c751e8b465ee728b)  -> (artifact id: '5cde7b990d5ffa0f1c655cace3f9b636') in 0.190970 seconds 
  Import took 0.192227 seconds .

========================================================================
Received Import Request.
  Time since last request: 18.450491 seconds.
  path: Assets/Scenes/OverworldMenuScene.unity
  artifactKey: Guid(73325b4c15567084f9e22748b9405179) Importer(815301076,1909f56bfc062723c751e8b465ee728b)
Start importing Assets/Scenes/OverworldMenuScene.unity using Guid(73325b4c15567084f9e22748b9405179) Importer(815301076,1909f56bfc062723c751e8b465ee728b)  -> (artifact id: 'd5b64fbe1611ab4a76c448ca47c65ecd') in 0.029216 seconds 
  Import took 0.031289 seconds .

========================================================================
Received Import Request.
  Time since last request: 34.024104 seconds.
  path: Assets/Scripts/PlayerCharacter/Health.cs
  artifactKey: Guid(113ed5912f73a4c49b83acc8e508ce19) Importer(815301076,1909f56bfc062723c751e8b465ee728b)
Start importing Assets/Scripts/PlayerCharacter/Health.cs using Guid(113ed5912f73a4c49b83acc8e508ce19) Importer(815301076,1909f56bfc062723c751e8b465ee728b)  -> (artifact id: '1b416087766e15c0798944c7021ac52b') in 0.268572 seconds 
  Import took 0.269917 seconds .

========================================================================
Received Import Request.
  Time since last request: 15.146299 seconds.
  path: Assets/Scripts/PlayerCharacter/Health.cs
  artifactKey: Guid(113ed5912f73a4c49b83acc8e508ce19) Importer(815301076,1909f56bfc062723c751e8b465ee728b)
Start importing Assets/Scripts/PlayerCharacter/Health.cs using Guid(113ed5912f73a4c49b83acc8e508ce19) Importer(815301076,1909f56bfc062723c751e8b465ee728b)  -> (artifact id: '66df62cdf3381c287995c96a1990eb5f') in 0.038968 seconds 
  Import took 0.041284 seconds .

========================================================================
Received Import Request.
  Time since last request: 3.495517 seconds.
  path: Assets/Scripts/EnemyCharacters/IEnemy.cs
  artifactKey: Guid(a8d37826a261cee40a2d7c6f29b23711) Importer(815301076,1909f56bfc062723c751e8b465ee728b)
Start importing Assets/Scripts/EnemyCharacters/IEnemy.cs using Guid(a8d37826a261cee40a2d7c6f29b23711) Importer(815301076,1909f56bfc062723c751e8b465ee728b)  -> (artifact id: '4a660c6f145fb6d4e32794a8ee4e1330') in 0.061510 seconds 
  Import took 0.062615 seconds .

========================================================================
Received Import Request.
  Time since last request: 14.559905 seconds.
  path: Assets/Scripts/Items/IItem.cs
  artifactKey: Guid(da4b943dcd152514ea8225fc833186d1) Importer(815301076,1909f56bfc062723c751e8b465ee728b)
Start importing Assets/Scripts/Items/IItem.cs using Guid(da4b943dcd152514ea8225fc833186d1) Importer(815301076,1909f56bfc062723c751e8b465ee728b)  -> (artifact id: 'e105edb653a757f19dfeda521d310f60') in 0.036161 seconds 
  Import took 0.037194 seconds .

========================================================================
Received Import Request.
  Time since last request: 177.635483 seconds.
  path: Assets/Scripts/Items/IItem.cs
  artifactKey: Guid(da4b943dcd152514ea8225fc833186d1) Importer(815301076,1909f56bfc062723c751e8b465ee728b)
Start importing Assets/Scripts/Items/IItem.cs using Guid(da4b943dcd152514ea8225fc833186d1) Importer(815301076,1909f56bfc062723c751e8b465ee728b)  -> (artifact id: '1fc8cdfe4c85c8d4277e4e2c35c6fc2d') in 0.089108 seconds 
  Import took 0.091740 seconds .

========================================================================
Received Prepare
Registering precompiled user dll's ...
Registered in 0.030239 seconds.
Begin MonoManager ReloadAssembly
Native extension for WindowsStandalone target not found
Native extension for WebGL target not found
Refreshing native plugins compatible for Editor in 173.74 ms, found 0 plugins.
Preloading 0 native plugins for Editor in 0.00 ms.
Mono: successfully reloaded assembly
- Completed reload, in  1.956 seconds
Domain Reload Profiling:
	ReloadAssembly (1965ms)
		BeginReloadAssembly (290ms)
			ExecutionOrderSort (0ms)
			DisableScriptedObjects (42ms)
			BackupInstance (0ms)
			ReleaseScriptingObjects (0ms)
			CreateAndSetChildDomain (99ms)
		EndReloadAssembly (1536ms)
			LoadAssemblies (84ms)
			RebuildTransferFunctionScriptingTraits (0ms)
			SetupTypeCache (523ms)
			ReleaseScriptCaches (0ms)
			RebuildScriptCaches (49ms)
			SetupLoadedEditorAssemblies (562ms)
				LogAssemblyErrors (0ms)
				InitializePlatformSupportModulesInManaged (9ms)
				SetLoadedEditorAssemblies (0ms)
				RefreshPlugins (174ms)
				BeforeProcessingInitializeOnLoad (173ms)
				ProcessInitializeOnLoadAttributes (188ms)
				ProcessInitializeOnLoadMethodAttributes (5ms)
				AfterProcessingInitializeOnLoad (12ms)
				EditorAssembliesLoaded (0ms)
			ExecutionOrderSort2 (0ms)
			AwakeInstancesAfterBackupRestoration (10ms)
Platform modules already initialized, skipping
Refreshing native plugins compatible for Editor in 1.50 ms, found 0 plugins.
Preloading 0 native plugins for Editor in 0.00 ms.
Unloading 9 Unused Serialized files (Serialized files now loaded: 0)
System memory in use before: 31.5 MB.
System memory in use after: 31.6 MB.

Unloading 0 unused Assets to reduce memory usage. Loaded Objects now: 464.
Total: 3.595100 ms (FindLiveObjects: 0.062700 ms CreateObjectMapping: 0.004000 ms MarkObjects: 3.519300 ms  DeleteObjects: 0.007500 ms)

AssetImportParameters requested are different than current active one (requested -> active):
  custom:framework-win-MediaFoundation: 216162199b28c13a410421893ffa2e32 -> 
  custom:video-decoder-ogg-theora: a1e56fd34408186e4bbccfd4996cb3dc -> 
  custom:container-muxer-webm: aa71ff27fc2769a1b78a27578f13a17b -> 
  custom:container-demuxer-webm: 4f35f7cbe854078d1ac9338744f61a02 -> 
  custom:container-demuxer-ogg: 62fdf1f143b41e24485cea50d1cbac27 -> 
  custom:video-encoder-webm-vp8: eb34c28f22e8b96e1ab97ce403110664 -> 
  custom:video-codec-MediaFoundation-h265: 746d11721c4dcdbdad8f713fa42b33f4 -> 
  custom:video-decoder-webm-vp8: 9c59270c3fd7afecdb556c50c9e8de78 -> 
  custom:audio-decoder-ogg-vorbis: bf7c407c2cedff20999df2af8eb42d56 -> 
  custom:audio-encoder-webm-vorbis: bf7c407c2cedff20999df2af8eb42d56 -> 
========================================================================
Received Prepare
Refreshing native plugins compatible for Editor in 2.12 ms, found 0 plugins.
Preloading 0 native plugins for Editor in 0.00 ms.
Unloading 0 Unused Serialized files (Serialized files now loaded: 0)
System memory in use before: 31.2 MB.
System memory in use after: 31.2 MB.

Unloading 0 unused Assets to reduce memory usage. Loaded Objects now: 464.
Total: 3.842200 ms (FindLiveObjects: 0.070100 ms CreateObjectMapping: 0.005300 ms MarkObjects: 3.759500 ms  DeleteObjects: 0.005700 ms)

AssetImportParameters requested are different than current active one (requested -> active):
  custom:framework-win-MediaFoundation: 216162199b28c13a410421893ffa2e32 -> 
  custom:video-decoder-ogg-theora: a1e56fd34408186e4bbccfd4996cb3dc -> 
  custom:container-muxer-webm: aa71ff27fc2769a1b78a27578f13a17b -> 
  custom:container-demuxer-webm: 4f35f7cbe854078d1ac9338744f61a02 -> 
  custom:container-demuxer-ogg: 62fdf1f143b41e24485cea50d1cbac27 -> 
  custom:video-encoder-webm-vp8: eb34c28f22e8b96e1ab97ce403110664 -> 
  custom:video-codec-MediaFoundation-h265: 746d11721c4dcdbdad8f713fa42b33f4 -> 
  custom:video-decoder-webm-vp8: 9c59270c3fd7afecdb556c50c9e8de78 -> 
  custom:audio-decoder-ogg-vorbis: bf7c407c2cedff20999df2af8eb42d56 -> 
  custom:audio-encoder-webm-vorbis: bf7c407c2cedff20999df2af8eb42d56 -> 
AssetImportWorkerClient::OnTransportError - code=2 error=End of file
